  1 Letters.cpp
C:\Dev\SoftUni-Bulgaria\C++\4 OOP\1 Objects and Classes\Lab\1 Letters\1 Letters\1 Letters\1 Letters.cpp(1,10): warning C4067: unexpected tokens following preprocessor directive - expected a newline
C:\Dev\SoftUni-Bulgaria\C++\4 OOP\1 Objects and Classes\Lab\1 Letters\1 Letters\1 Letters\1 Letters.cpp(2,10): warning C4067: unexpected tokens following preprocessor directive - expected a newline
C:\Dev\SoftUni-Bulgaria\C++\4 OOP\1 Objects and Classes\Lab\1 Letters\1 Letters\1 Letters\1 Letters.cpp(26,23): error C2079: 'istr' uses undefined class 'std::basic_istringstream<char,std::char_traits<char>,std::allocator<char>>'
C:\Dev\SoftUni-Bulgaria\C++\4 OOP\1 Objects and Classes\Lab\1 Letters\1 Letters\1 Letters\1 Letters.cpp(26,27): error C2440: 'initializing': cannot convert from 'std::string' to 'int'
      C:\Dev\SoftUni-Bulgaria\C++\4 OOP\1 Objects and Classes\Lab\1 Letters\1 Letters\1 Letters\1 Letters.cpp(26,27):
      No user-defined-conversion operator available that can perform this conversion, or the operator cannot be called
  
C:\Dev\SoftUni-Bulgaria\C++\4 OOP\1 Objects and Classes\Lab\1 Letters\1 Letters\1 Letters\1 Letters.cpp(29,16): error C2677: binary '>>': no global operator found which takes type 'std::string' (or there is no acceptable conversion)
      C:\Program Files\Microsoft Visual Studio\2022\Preview\VC\Tools\MSVC\14.44.34823\include\xstring(3361,32):
      could be 'std::basic_istream<_Elem,_Traits> &std::operator >>(std::basic_istream<_Elem,_Traits> &,std::basic_string<_Elem,_Traits,_Alloc> &)'
          C:\Dev\SoftUni-Bulgaria\C++\4 OOP\1 Objects and Classes\Lab\1 Letters\1 Letters\1 Letters\1 Letters.cpp(29,11):
          'std::basic_istream<_Elem,_Traits> &std::operator >>(std::basic_istream<_Elem,_Traits> &,std::basic_string<_Elem,_Traits,_Alloc> &)': could not deduce template argument for 'std::basic_istream<_Elem,_Traits> &' from 'int'
      C:\Program Files\Microsoft Visual Studio\2022\Preview\VC\Tools\MSVC\14.44.34823\include\istream(865,32):
      or       'std::basic_istream<_Elem,_Traits> &std::operator >>(std::basic_istream<_Elem,_Traits> &,_Elem *)'
          C:\Dev\SoftUni-Bulgaria\C++\4 OOP\1 Objects and Classes\Lab\1 Letters\1 Letters\1 Letters\1 Letters.cpp(29,11):
          'std::basic_istream<_Elem,_Traits> &std::operator >>(std::basic_istream<_Elem,_Traits> &,_Elem *)': could not deduce template argument for 'std::basic_istream<_Elem,_Traits> &' from 'int'
      C:\Program Files\Microsoft Visual Studio\2022\Preview\VC\Tools\MSVC\14.44.34823\include\istream(870,31):
      or       'std::basic_istream<char,_Traits> &std::operator >>(std::basic_istream<char,_Traits> &,signed char *)'
          C:\Dev\SoftUni-Bulgaria\C++\4 OOP\1 Objects and Classes\Lab\1 Letters\1 Letters\1 Letters\1 Letters.cpp(29,11):
          'std::basic_istream<char,_Traits> &std::operator >>(std::basic_istream<char,_Traits> &,signed char *)': could not deduce template argument for 'std::basic_istream<char,_Traits> &' from 'int'
      C:\Program Files\Microsoft Visual Studio\2022\Preview\VC\Tools\MSVC\14.44.34823\include\istream(875,31):
      or       'std::basic_istream<char,_Traits> &std::operator >>(std::basic_istream<char,_Traits> &,unsigned char *)'
          C:\Dev\SoftUni-Bulgaria\C++\4 OOP\1 Objects and Classes\Lab\1 Letters\1 Letters\1 Letters\1 Letters.cpp(29,11):
          'std::basic_istream<char,_Traits> &std::operator >>(std::basic_istream<char,_Traits> &,unsigned char *)': could not deduce template argument for 'std::basic_istream<char,_Traits> &' from 'int'
      C:\Program Files\Microsoft Visual Studio\2022\Preview\VC\Tools\MSVC\14.44.34823\include\istream(881,32):
      or       'std::basic_istream<_Elem,_Traits> &std::operator >>(std::basic_istream<_Elem,_Traits> &,_Elem &)'
          C:\Dev\SoftUni-Bulgaria\C++\4 OOP\1 Objects and Classes\Lab\1 Letters\1 Letters\1 Letters\1 Letters.cpp(29,11):
          'std::basic_istream<_Elem,_Traits> &std::operator >>(std::basic_istream<_Elem,_Traits> &,_Elem &)': could not deduce template argument for 'std::basic_istream<_Elem,_Traits> &' from 'int'
      C:\Program Files\Microsoft Visual Studio\2022\Preview\VC\Tools\MSVC\14.44.34823\include\istream(904,31):
      or       'std::basic_istream<char,_Traits> &std::operator >>(std::basic_istream<char,_Traits> &,signed char &)'
          C:\Dev\SoftUni-Bulgaria\C++\4 OOP\1 Objects and Classes\Lab\1 Letters\1 Letters\1 Letters\1 Letters.cpp(29,11):
          'std::basic_istream<char,_Traits> &std::operator >>(std::basic_istream<char,_Traits> &,signed char &)': could not deduce template argument for 'std::basic_istream<char,_Traits> &' from 'int'
      C:\Program Files\Microsoft Visual Studio\2022\Preview\VC\Tools\MSVC\14.44.34823\include\istream(910,31):
      or       'std::basic_istream<char,_Traits> &std::operator >>(std::basic_istream<char,_Traits> &,unsigned char &)'
          C:\Dev\SoftUni-Bulgaria\C++\4 OOP\1 Objects and Classes\Lab\1 Letters\1 Letters\1 Letters\1 Letters.cpp(29,11):
          'std::basic_istream<char,_Traits> &std::operator >>(std::basic_istream<char,_Traits> &,unsigned char &)': could not deduce template argument for 'std::basic_istream<char,_Traits> &' from 'int'
      C:\Program Files\Microsoft Visual Studio\2022\Preview\VC\Tools\MSVC\14.44.34823\include\istream(923,9):
      or       '_Istr &&std::operator >>(_Istr &&,_Ty &&)'
          C:\Dev\SoftUni-Bulgaria\C++\4 OOP\1 Objects and Classes\Lab\1 Letters\1 Letters\1 Letters\1 Letters.cpp(29,11):
          '_Istr &&std::operator >>(_Istr &&,_Ty &&)': could not deduce template argument for '__formal'
              C:\Program Files\Microsoft Visual Studio\2022\Preview\VC\Tools\MSVC\14.44.34823\include\istream(922,102):
              '<template-parameter>': you cannot create a pointer to a reference
  
